#
# There is insufficient memory for the Java Runtime Environment to continue.
# Native memory allocation (malloc) failed to allocate 228896 bytes for Chunk::new
# Possible reasons:
#   The system is out of physical RAM or swap space
#   The process is running with CompressedOops enabled, and the Java Heap may be blocking the growth of the native heap
# Possible solutions:
#   Reduce memory load on the system
#   Increase physical memory or swap space
#   Check if swap backing store is full
#   Decrease Java heap size (-Xmx/-Xms)
#   Decrease number of Java threads
#   Decrease Java thread stack sizes (-Xss)
#   Set larger code cache with -XX:ReservedCodeCacheSize=
#   JVM is running with Unscaled Compressed Oops mode in which the Java heap is
#     placed in the first 4GB address space. The Java Heap base address is the
#     maximum limit for the native heap growth. Please use -XX:HeapBaseMinAddress
#     to set the Java Heap base and to place the Java Heap above 4GB virtual address.
# This output file may be truncated or incomplete.
#
#  Out of Memory Error (arena.cpp:191), pid=31488, tid=6436
#
# JRE version: OpenJDK Runtime Environment Temurin-17.0.9+9 (17.0.9+9) (build 17.0.9+9)
# Java VM: OpenJDK 64-Bit Server VM Temurin-17.0.9+9 (17.0.9+9, mixed mode, tiered, compressed oops, compressed class ptrs, parallel gc, windows-amd64)
# No core dump will be written. Minidumps are not enabled by default on client versions of Windows
#

---------------  S U M M A R Y ------------

Command Line: --add-modules=ALL-SYSTEM --add-opens=java.base/java.util=ALL-UNNAMED --add-opens=java.base/java.lang=ALL-UNNAMED --add-opens=java.base/sun.nio.fs=ALL-UNNAMED -Declipse.application=org.eclipse.jdt.ls.core.id1 -Dosgi.bundles.defaultStartLevel=4 -Declipse.product=org.eclipse.jdt.ls.core.product -Djava.import.generatesMetadataFilesAtProjectRoot=false -DDetectVMInstallationsJob.disabled=true -Dfile.encoding=utf8 -XX:+UseParallelGC -XX:GCTimeRatio=4 -XX:AdaptiveSizePolicyWeight=90 -Dsun.zip.disableMemoryMapping=true -Xmx1G -Xms100m -Xlog:disable -javaagent:c:\Users\ABDUA\.vscode\extensions\redhat.java-1.26.0-win32-x64\lombok\lombok-1.18.31-3454.jar c:\Users\ABDUA\.vscode\extensions\redhat.java-1.26.0-win32-x64\server\plugins\org.eclipse.equinox.launcher_1.6.700.v20231214-2017.jar -configuration c:\Users\ABDUA\AppData\Roaming\Code\User\globalStorage\redhat.java\1.26.0\config_ss_win -data c:\Users\ABDUA\AppData\Roaming\Code\User\workspaceStorage\f1da9f102ef7a867d8d5e5fbcd91da4c\redhat.java\ss_ws --stdio

Host: Intel(R) Core(TM) i3-10110U CPU @ 2.10GHz, 4 cores, 3G,  Windows 11 , 64 bit Build 22000 (10.0.22000.1335)
Time: Fri Jan 12 00:14:37 2024 India Standard Time elapsed time: 39.019292 seconds (0d 0h 0m 39s)

---------------  T H R E A D  ---------------

Current thread (0x0000026a7a00fb10):  JavaThread "C2 CompilerThread0" daemon [_thread_in_native, id=6436, stack(0x0000008147400000,0x0000008147500000)]


Current CompileTask:
C2:  39019  690   !   4       java.util.jar.Attributes::read (498 bytes)

Stack: [0x0000008147400000,0x0000008147500000]
Native frames: (J=compiled Java code, j=interpreted, Vv=VM code, C=native code)
V  [jvm.dll+0x67cf49]
V  [jvm.dll+0x83478a]
V  [jvm.dll+0x83624e]
V  [jvm.dll+0x8368b3]
V  [jvm.dll+0x247f1f]
V  [jvm.dll+0xac43c]
V  [jvm.dll+0xaca8c]
V  [jvm.dll+0x2af45f]
V  [jvm.dll+0x5853f7]
V  [jvm.dll+0x222f62]
V  [jvm.dll+0x22334f]
V  [jvm.dll+0x21c476]
V  [jvm.dll+0x2198c1]
V  [jvm.dll+0x1a57cd]
V  [jvm.dll+0x2297ae]
V  [jvm.dll+0x22797c]
V  [jvm.dll+0x7e9877]
V  [jvm.dll+0x7e3c3a]
V  [jvm.dll+0x67be35]
C  [ucrtbase.dll+0x26c0c]
C  [KERNEL32.DLL+0x155a0]
C  [ntdll.dll+0x485b]


---------------  P R O C E S S  ---------------

Threads class SMR info:
_java_thread_list=0x0000026a7f4d24d0, length=12, elements={
0x0000026a6619da80, 0x0000026a6625ca00, 0x0000026a6625e400, 0x0000026a7a00af10,
0x0000026a7a00b9e0, 0x0000026a7a00e3b0, 0x0000026a7a00ed70, 0x0000026a7a00fb10,
0x0000026a7f23d490, 0x0000026a7f254250, 0x0000026a7f2e47a0, 0x0000026a7f4bc030
}

Java Threads: ( => current thread )
  0x0000026a6619da80 JavaThread "main" [_thread_in_Java, id=23680, stack(0x0000008146b00000,0x0000008146c00000)]
  0x0000026a6625ca00 JavaThread "Reference Handler" daemon [_thread_blocked, id=19232, stack(0x0000008146e00000,0x0000008146f00000)]
  0x0000026a6625e400 JavaThread "Finalizer" daemon [_thread_blocked, id=28680, stack(0x0000008146f00000,0x0000008147000000)]
  0x0000026a7a00af10 JavaThread "Signal Dispatcher" daemon [_thread_blocked, id=26772, stack(0x0000008147000000,0x0000008147100000)]
  0x0000026a7a00b9e0 JavaThread "Attach Listener" daemon [_thread_blocked, id=28888, stack(0x0000008147100000,0x0000008147200000)]
  0x0000026a7a00e3b0 JavaThread "Service Thread" daemon [_thread_blocked, id=1864, stack(0x0000008147200000,0x0000008147300000)]
  0x0000026a7a00ed70 JavaThread "Monitor Deflation Thread" daemon [_thread_blocked, id=4344, stack(0x0000008147300000,0x0000008147400000)]
=>0x0000026a7a00fb10 JavaThread "C2 CompilerThread0" daemon [_thread_in_native, id=6436, stack(0x0000008147400000,0x0000008147500000)]
  0x0000026a7f23d490 JavaThread "C1 CompilerThread0" daemon [_thread_blocked, id=15312, stack(0x0000008147500000,0x0000008147600000)]
  0x0000026a7f254250 JavaThread "Sweeper thread" daemon [_thread_blocked, id=18560, stack(0x0000008147600000,0x0000008147700000)]
  0x0000026a7f2e47a0 JavaThread "Common-Cleaner" daemon [_thread_blocked, id=4212, stack(0x0000008147700000,0x0000008147800000)]
  0x0000026a7f4bc030 JavaThread "Notification Thread" daemon [_thread_blocked, id=22728, stack(0x0000008147800000,0x0000008147900000)]

Other Threads:
  0x0000026a66255ee0 VMThread "VM Thread" [stack: 0x0000008146d00000,0x0000008146e00000] [id=19624]
  0x0000026a7f5bfd30 WatcherThread [stack: 0x0000008147900000,0x0000008147a00000] [id=21524]
  0x0000026a661b5e00 GCTaskThread "GC Thread#0" [stack: 0x0000008146c00000,0x0000008146d00000] [id=30272]

Threads with active compile tasks:
C2 CompilerThread0    39060  690   !   4       java.util.jar.Attributes::read (498 bytes)

VM state: not at safepoint (normal execution)

VM Mutex/Monitor currently owned by a thread: None

Heap address: 0x00000000c0000000, size: 1024 MB, Compressed Oops mode: 32-bit

CDS archive(s) not mapped
Compressed class space mapped at: 0x0000000100000000-0x0000000140000000, reserved size: 1073741824
Narrow klass base: 0x0000000000000000, Narrow klass shift: 3, Narrow klass range: 0x140000000

GC Precious Log:
 CPUs: 4 total, 4 available
 Memory: 3933M
 Large Page Support: Disabled
 NUMA Support: Disabled
 Compressed Oops: Enabled (32-bit)
 Alignments: Space 512K, Generation 512K, Heap 2M
 Heap Min Capacity: 100M
 Heap Initial Capacity: 100M
 Heap Max Capacity: 1G
 Pre-touch: Disabled
 Parallel Workers: 4

Heap:
 PSYoungGen      total 29696K, used 17077K [0x00000000eab00000, 0x00000000ecc00000, 0x0000000100000000)
  eden space 25600K, 66% used [0x00000000eab00000,0x00000000ebbad788,0x00000000ec400000)
  from space 4096K, 0% used [0x00000000ec800000,0x00000000ec800000,0x00000000ecc00000)
  to   space 4096K, 0% used [0x00000000ec400000,0x00000000ec400000,0x00000000ec800000)
 ParOldGen       total 68608K, used 0K [0x00000000c0000000, 0x00000000c4300000, 0x00000000eab00000)
  object space 68608K, 0% used [0x00000000c0000000,0x00000000c0000000,0x00000000c4300000)
 Metaspace       used 9411K, committed 9600K, reserved 1114112K
  class space    used 936K, committed 1024K, reserved 1048576K

Card table byte_map: [0x0000026a65b50000,0x0000026a65d60000] _byte_map_base: 0x0000026a65550000

Marking Bits: (ParMarkBitMap*) 0x00007ffa8a6fd0b0
 Begin Bits: [0x0000026a77e40000, 0x0000026a78e40000)
 End Bits:   [0x0000026a78e40000, 0x0000026a79e40000)

Polling page: 0x0000026a64320000

Metaspace:

Usage:
  Non-class:      8.28 MB used.
      Class:    936.98 KB used.
       Both:      9.19 MB used.

Virtual space:
  Non-class space:       64.00 MB reserved,       8.38 MB ( 13%) committed,  1 nodes.
      Class space:        1.00 GB reserved,       1.00 MB ( <1%) committed,  1 nodes.
             Both:        1.06 GB reserved,       9.38 MB ( <1%) committed. 

Chunk freelists:
   Non-Class:  6.92 MB
       Class:  15.02 MB
        Both:  21.94 MB

MaxMetaspaceSize: unlimited
CompressedClassSpaceSize: 1.00 GB
Initial GC threshold: 21.00 MB
Current GC threshold: 21.00 MB
CDS: off
MetaspaceReclaimPolicy: balanced
 - commit_granule_bytes: 65536.
 - commit_granule_words: 8192.
 - virtual_space_node_default_size: 8388608.
 - enlarge_chunks_in_place: 1.
 - new_chunks_are_fully_committed: 0.
 - uncommit_free_chunks: 1.
 - use_allocation_guard: 0.
 - handle_deallocations: 1.


Internal statistics:

num_allocs_failed_limit: 0.
num_arena_births: 10.
num_arena_deaths: 0.
num_vsnodes_births: 2.
num_vsnodes_deaths: 0.
num_space_committed: 150.
num_space_uncommitted: 0.
num_chunks_returned_to_freelist: 0.
num_chunks_taken_from_freelist: 47.
num_chunk_merges: 0.
num_chunk_splits: 27.
num_chunks_enlarged: 25.
num_inconsistent_stats: 0.

CodeHeap 'non-profiled nmethods': size=120000Kb used=275Kb max_used=275Kb free=119725Kb
 bounds [0x0000026a70910000, 0x0000026a70b80000, 0x0000026a77e40000]
CodeHeap 'profiled nmethods': size=120000Kb used=1120Kb max_used=1120Kb free=118879Kb
 bounds [0x0000026a68e40000, 0x0000026a690b0000, 0x0000026a70370000]
CodeHeap 'non-nmethods': size=5760Kb used=1137Kb max_used=1154Kb free=4622Kb
 bounds [0x0000026a70370000, 0x0000026a705e0000, 0x0000026a70910000]
 total_blobs=1131 nmethods=703 adapters=343
 compilation: enabled
              stopped_count=0, restarted_count=0
 full_count=0

Compilation events (20 events):
Event: 38.970 Thread 0x0000026a7f23d490 nmethod 680 0x0000026a68f4df90 code [0x0000026a68f4e120, 0x0000026a68f4e358]
Event: 38.970 Thread 0x0000026a7f23d490  681       3       java.util.HashMap::computeIfAbsent (330 bytes)
Event: 38.971 Thread 0x0000026a7f23d490 nmethod 681 0x0000026a68f4e410 code [0x0000026a68f4e700, 0x0000026a68f4fc48]
Event: 38.971 Thread 0x0000026a7f23d490  682       3       sun.security.util.ManifestDigester$Entry::<init> (16 bytes)
Event: 38.972 Thread 0x0000026a7f23d490 nmethod 682 0x0000026a68f50210 code [0x0000026a68f503c0, 0x0000026a68f50738]
Event: 38.972 Thread 0x0000026a7f23d490  683       3       sun.security.util.ManifestDigester$Section::<init> (26 bytes)
Event: 38.972 Thread 0x0000026a7f23d490 nmethod 683 0x0000026a68f50890 code [0x0000026a68f50a20, 0x0000026a68f50bb8]
Event: 38.972 Thread 0x0000026a7f23d490  684       3       sun.security.util.ManifestDigester$$Lambda$23/0x0000000100092ab0::apply (8 bytes)
Event: 38.972 Thread 0x0000026a7f23d490 nmethod 684 0x0000026a68f50c90 code [0x0000026a68f50e60, 0x0000026a68f513d8]
Event: 38.972 Thread 0x0000026a7f23d490  685  s    3       java.io.ByteArrayOutputStream::toString (18 bytes)
Event: 38.972 Thread 0x0000026a7f23d490 nmethod 685 0x0000026a68f51590 code [0x0000026a68f51740, 0x0000026a68f519a8]
Event: 38.973 Thread 0x0000026a7f23d490  686       3       sun.security.util.ManifestDigester$Entry::addSection (13 bytes)
Event: 38.973 Thread 0x0000026a7f23d490 nmethod 686 0x0000026a68f51a90 code [0x0000026a68f51c40, 0x0000026a68f51e28]
Event: 38.976 Thread 0x0000026a7f23d490  687       3       sun.security.util.ManifestDigester::isNameAttr (102 bytes)
Event: 38.976 Thread 0x0000026a7f23d490 nmethod 687 0x0000026a68f51f10 code [0x0000026a68f520c0, 0x0000026a68f52518]
Event: 38.977 Thread 0x0000026a7a00fb10  688 %     4       sun.security.util.ManifestDigester::findSection @ 27 (181 bytes)
Event: 38.983 Thread 0x0000026a7a00fb10 nmethod 688% 0x0000026a70953690 code [0x0000026a70953820, 0x0000026a70953b98]
Event: 38.985 Thread 0x0000026a7f23d490  689       3       java.lang.ref.SoftReference::get (29 bytes)
Event: 38.985 Thread 0x0000026a7f23d490 nmethod 689 0x0000026a68f52690 code [0x0000026a68f52820, 0x0000026a68f529d8]
Event: 38.988 Thread 0x0000026a7a00fb10  690   !   4       java.util.jar.Attributes::read (498 bytes)

GC Heap History (0 events):
No events

Dll operation events (8 events):
Event: 4.403 Loaded shared library c:\Users\ABDUA\.vscode\extensions\redhat.java-1.26.0-win32-x64\jre\17.0.9-win32-x86_64\bin\java.dll
Event: 23.818 Loaded shared library c:\Users\ABDUA\.vscode\extensions\redhat.java-1.26.0-win32-x64\jre\17.0.9-win32-x86_64\bin\zip.dll
Event: 25.200 Loaded shared library C:\Users\ABDUA\.vscode\extensions\redhat.java-1.26.0-win32-x64\jre\17.0.9-win32-x86_64\bin\instrument.dll
Event: 26.002 Loaded shared library C:\Users\ABDUA\.vscode\extensions\redhat.java-1.26.0-win32-x64\jre\17.0.9-win32-x86_64\bin\net.dll
Event: 26.935 Loaded shared library C:\Users\ABDUA\.vscode\extensions\redhat.java-1.26.0-win32-x64\jre\17.0.9-win32-x86_64\bin\nio.dll
Event: 26.968 Loaded shared library C:\Users\ABDUA\.vscode\extensions\redhat.java-1.26.0-win32-x64\jre\17.0.9-win32-x86_64\bin\zip.dll
Event: 28.967 Loaded shared library C:\Users\ABDUA\.vscode\extensions\redhat.java-1.26.0-win32-x64\jre\17.0.9-win32-x86_64\bin\jimage.dll
Event: 29.966 Loaded shared library c:\Users\ABDUA\.vscode\extensions\redhat.java-1.26.0-win32-x64\jre\17.0.9-win32-x86_64\bin\verify.dll

Deoptimization events (20 events):
Event: 32.072 Thread 0x0000026a6619da80 DEOPT PACKING pc=0x0000026a7092bb04 sp=0x0000008146bfbca0
Event: 32.072 Thread 0x0000026a6619da80 DEOPT UNPACKING pc=0x0000026a703c66a3 sp=0x0000008146bfbc20 mode 2
Event: 32.166 Thread 0x0000026a6619da80 Uncommon trap: trap_request=0xffffffde fr.pc=0x0000026a7091e8fc relative=0x00000000000006fc
Event: 32.166 Thread 0x0000026a6619da80 Uncommon trap: reason=class_check action=maybe_recompile pc=0x0000026a7091e8fc method=java.util.HashMap.putVal(ILjava/lang/Object;Ljava/lang/Object;ZZ)Ljava/lang/Object; @ 91 c2
Event: 32.166 Thread 0x0000026a6619da80 DEOPT PACKING pc=0x0000026a7091e8fc sp=0x0000008146bfdf90
Event: 32.166 Thread 0x0000026a6619da80 DEOPT UNPACKING pc=0x0000026a703c66a3 sp=0x0000008146bfdf30 mode 2
Event: 32.488 Thread 0x0000026a6619da80 Uncommon trap: trap_request=0xffffff45 fr.pc=0x0000026a7094d174 relative=0x0000000000000074
Event: 32.488 Thread 0x0000026a6619da80 Uncommon trap: reason=unstable_if action=reinterpret pc=0x0000026a7094d174 method=jdk.internal.misc.Unsafe.convEndian(ZI)I @ 4 c2
Event: 32.488 Thread 0x0000026a6619da80 DEOPT PACKING pc=0x0000026a7094d174 sp=0x0000008146bfdbe0
Event: 32.489 Thread 0x0000026a6619da80 DEOPT UNPACKING pc=0x0000026a703c66a3 sp=0x0000008146bfdb10 mode 2
Event: 32.513 Thread 0x0000026a6619da80 Uncommon trap: trap_request=0xffffff45 fr.pc=0x0000026a709354d8 relative=0x0000000000000598
Event: 32.513 Thread 0x0000026a6619da80 Uncommon trap: reason=unstable_if action=reinterpret pc=0x0000026a709354d8 method=java.lang.AbstractStringBuilder.append(Ljava/lang/String;)Ljava/lang/AbstractStringBuilder; @ 1 c2
Event: 32.513 Thread 0x0000026a6619da80 DEOPT PACKING pc=0x0000026a709354d8 sp=0x0000008146bfdf60
Event: 32.513 Thread 0x0000026a6619da80 DEOPT UNPACKING pc=0x0000026a703c66a3 sp=0x0000008146bfdee0 mode 2
Event: 32.513 Thread 0x0000026a6619da80 Uncommon trap: trap_request=0xffffff45 fr.pc=0x0000026a709360ec relative=0x00000000000005ac
Event: 32.513 Thread 0x0000026a6619da80 Uncommon trap: reason=unstable_if action=reinterpret pc=0x0000026a709360ec method=java.lang.AbstractStringBuilder.append(Ljava/lang/String;)Ljava/lang/AbstractStringBuilder; @ 1 c2
Event: 32.513 Thread 0x0000026a6619da80 DEOPT PACKING pc=0x0000026a709360ec sp=0x0000008146bfdef0
Event: 32.513 Thread 0x0000026a6619da80 DEOPT UNPACKING pc=0x0000026a703c66a3 sp=0x0000008146bfded8 mode 2
Event: 34.015 Thread 0x0000026a6619da80 DEOPT PACKING pc=0x0000026a68e7940c sp=0x0000008146bfe830
Event: 34.015 Thread 0x0000026a6619da80 DEOPT UNPACKING pc=0x0000026a703c6e43 sp=0x0000008146bfdcc0 mode 0

Classes unloaded (0 events):
No events

Classes redefined (0 events):
No events

Internal exceptions (14 events):
Event: 23.557 Thread 0x0000026a6619da80 Exception <a 'java/lang/NoSuchMethodError'{0x00000000eacb24e8}: 'void java.lang.invoke.DirectMethodHandle$Holder.invokeStatic(java.lang.Object, java.lang.Object, java.lang.Object)'> (0x00000000eacb24e8) 
thrown [s\src\hotspot\share\interpreter\linkResolver.cpp, line 759]
Event: 30.234 Thread 0x0000026a6619da80 Exception <a 'java/lang/reflect/InvocationTargetException'{0x00000000eafb60d8}> (0x00000000eafb60d8) 
thrown [s\src\hotspot\share\runtime\reflection.cpp, line 1121]
Event: 32.304 Thread 0x0000026a6619da80 Exception <a 'java/lang/ClassNotFoundException'{0x00000000eb84c198}: sun/net/www/protocol/c/Handler> (0x00000000eb84c198) 
thrown [s\src\hotspot\share\classfile\systemDictionary.cpp, line 256]
Event: 32.478 Thread 0x0000026a6619da80 Exception <a 'java/io/FileNotFoundException'{0x00000000eb863610}> (0x00000000eb863610) 
thrown [s\src\hotspot\share\prims\jni.cpp, line 516]
Event: 32.479 Thread 0x0000026a6619da80 Exception <a 'java/io/FileNotFoundException'{0x00000000eb864320}> (0x00000000eb864320) 
thrown [s\src\hotspot\share\prims\jni.cpp, line 516]
Event: 32.479 Thread 0x0000026a6619da80 Exception <a 'java/io/FileNotFoundException'{0x00000000eb865010}> (0x00000000eb865010) 
thrown [s\src\hotspot\share\prims\jni.cpp, line 516]
Event: 32.479 Thread 0x0000026a6619da80 Exception <a 'java/io/FileNotFoundException'{0x00000000eb865cd0}> (0x00000000eb865cd0) 
thrown [s\src\hotspot\share\prims\jni.cpp, line 516]
Event: 32.513 Thread 0x0000026a6619da80 Implicit null exception at 0x0000026a70934f72 to 0x0000026a709354c0
Event: 32.513 Thread 0x0000026a6619da80 Implicit null exception at 0x0000026a70935b72 to 0x0000026a709360d4
Event: 32.517 Thread 0x0000026a6619da80 Exception <a 'java/io/FileNotFoundException'{0x00000000eb89eae0}> (0x00000000eb89eae0) 
thrown [s\src\hotspot\share\prims\jni.cpp, line 516]
Event: 37.072 Thread 0x0000026a6619da80 Exception <a 'sun/nio/fs/WindowsException'{0x00000000eb8d6430}> (0x00000000eb8d6430) 
thrown [s\src\hotspot\share\prims\jni.cpp, line 516]
Event: 37.085 Thread 0x0000026a6619da80 Exception <a 'sun/nio/fs/WindowsException'{0x00000000eb8e0880}> (0x00000000eb8e0880) 
thrown [s\src\hotspot\share\prims\jni.cpp, line 516]
Event: 37.085 Thread 0x0000026a6619da80 Exception <a 'sun/nio/fs/WindowsException'{0x00000000eb8e3d70}> (0x00000000eb8e3d70) 
thrown [s\src\hotspot\share\prims\jni.cpp, line 516]
Event: 37.085 Thread 0x0000026a6619da80 Exception <a 'sun/nio/fs/WindowsException'{0x00000000eb8e44e8}> (0x00000000eb8e44e8) 
thrown [s\src\hotspot\share\prims\jni.cpp, line 516]

VM Operations (20 events):
Event: 28.660 Executing VM operation: Cleanup
Event: 28.848 Executing VM operation: Cleanup done
Event: 29.290 Executing VM operation: HandshakeAllThreads
Event: 29.290 Executing VM operation: HandshakeAllThreads done
Event: 30.301 Executing VM operation: Cleanup
Event: 30.301 Executing VM operation: Cleanup done
Event: 31.304 Executing VM operation: Cleanup
Event: 31.320 Executing VM operation: Cleanup done
Event: 32.218 Executing VM operation: HandshakeAllThreads
Event: 32.218 Executing VM operation: HandshakeAllThreads done
Event: 32.296 Executing VM operation: HandshakeAllThreads
Event: 32.296 Executing VM operation: HandshakeAllThreads done
Event: 33.307 Executing VM operation: Cleanup
Event: 33.307 Executing VM operation: Cleanup done
Event: 35.330 Executing VM operation: Cleanup
Event: 35.330 Executing VM operation: Cleanup done
Event: 37.345 Executing VM operation: Cleanup
Event: 37.345 Executing VM operation: Cleanup done
Event: 38.354 Executing VM operation: Cleanup
Event: 38.354 Executing VM operation: Cleanup done

Events (20 events):
Event: 37.401 loading class sun/nio/fs/WindowsFileSystemProvider$1
Event: 37.401 loading class sun/nio/fs/WindowsFileSystemProvider$1 done
Event: 37.401 loading class sun/nio/fs/WindowsLinkSupport
Event: 37.421 loading class sun/nio/fs/WindowsLinkSupport done
Event: 37.422 loading class sun/nio/fs/WindowsAclFileAttributeView
Event: 37.422 loading class sun/nio/fs/AbstractAclFileAttributeView
Event: 37.422 loading class java/nio/file/attribute/AclFileAttributeView
Event: 37.423 loading class java/nio/file/attribute/FileOwnerAttributeView
Event: 37.423 loading class java/nio/file/attribute/FileOwnerAttributeView done
Event: 37.423 loading class java/nio/file/attribute/AclFileAttributeView done
Event: 37.423 loading class sun/nio/fs/AbstractAclFileAttributeView done
Event: 37.423 loading class sun/nio/fs/WindowsAclFileAttributeView done
Event: 37.427 loading class sun/nio/fs/WindowsSecurity
Event: 37.428 loading class sun/nio/fs/WindowsSecurity done
Event: 37.428 loading class sun/nio/fs/WindowsFileStore
Event: 37.429 loading class java/nio/file/FileStore
Event: 37.429 loading class java/nio/file/FileStore done
Event: 37.429 loading class sun/nio/fs/WindowsFileStore done
Event: 37.443 loading class java/net/URLClassLoader$1
Event: 37.443 loading class java/net/URLClassLoader$1 done


Dynamic libraries:
0x00007ff7b8c30000 - 0x00007ff7b8c3e000 	c:\Users\ABDUA\.vscode\extensions\redhat.java-1.26.0-win32-x64\jre\17.0.9-win32-x86_64\bin\java.exe
0x00007ffae2da0000 - 0x00007ffae2fa9000 	C:\Windows\SYSTEM32\ntdll.dll
0x00007ffae1540000 - 0x00007ffae15fe000 	C:\Windows\System32\KERNEL32.DLL
0x00007ffae0570000 - 0x00007ffae08eb000 	C:\Windows\System32\KERNELBASE.dll
0x00007ffae0270000 - 0x00007ffae0381000 	C:\Windows\System32\ucrtbase.dll
0x00007ffacb6e0000 - 0x00007ffacb6fb000 	c:\Users\ABDUA\.vscode\extensions\redhat.java-1.26.0-win32-x64\jre\17.0.9-win32-x86_64\bin\VCRUNTIME140.dll
0x00007ffabe3c0000 - 0x00007ffabe3d7000 	c:\Users\ABDUA\.vscode\extensions\redhat.java-1.26.0-win32-x64\jre\17.0.9-win32-x86_64\bin\jli.dll
0x00007ffae2bb0000 - 0x00007ffae2d5d000 	C:\Windows\System32\USER32.dll
0x00007ffae0400000 - 0x00007ffae0426000 	C:\Windows\System32\win32u.dll
0x00007ffae0cd0000 - 0x00007ffae0cf9000 	C:\Windows\System32\GDI32.dll
0x00007ffae08f0000 - 0x00007ffae0a08000 	C:\Windows\System32\gdi32full.dll
0x00007ffae0a10000 - 0x00007ffae0aad000 	C:\Windows\System32\msvcp_win.dll
0x00007ffac8270000 - 0x00007ffac8515000 	C:\Windows\WinSxS\amd64_microsoft.windows.common-controls_6595b64144ccf1df_6.0.22000.120_none_9d947278b86cc467\COMCTL32.dll
0x00007ffae2a50000 - 0x00007ffae2af3000 	C:\Windows\System32\msvcrt.dll
0x00007ffae1180000 - 0x00007ffae11b2000 	C:\Windows\System32\IMM32.DLL
0x00007ffaccfc0000 - 0x00007ffaccfcc000 	c:\Users\ABDUA\.vscode\extensions\redhat.java-1.26.0-win32-x64\jre\17.0.9-win32-x86_64\bin\vcruntime140_1.dll
0x00007ffaa36c0000 - 0x00007ffaa374d000 	c:\Users\ABDUA\.vscode\extensions\redhat.java-1.26.0-win32-x64\jre\17.0.9-win32-x86_64\bin\msvcp140.dll
0x00007ffa89b60000 - 0x00007ffa8a7c1000 	c:\Users\ABDUA\.vscode\extensions\redhat.java-1.26.0-win32-x64\jre\17.0.9-win32-x86_64\bin\server\jvm.dll
0x00007ffae2b00000 - 0x00007ffae2bae000 	C:\Windows\System32\ADVAPI32.dll
0x00007ffae1060000 - 0x00007ffae10fe000 	C:\Windows\System32\sechost.dll
0x00007ffae0d00000 - 0x00007ffae0e20000 	C:\Windows\System32\RPCRT4.dll
0x00007ffae0140000 - 0x00007ffae018d000 	C:\Windows\SYSTEM32\POWRPROF.dll
0x00007ffad9530000 - 0x00007ffad9563000 	C:\Windows\SYSTEM32\WINMM.dll
0x00007ffad80f0000 - 0x00007ffad80fa000 	C:\Windows\SYSTEM32\VERSION.dll
0x00007ffad9520000 - 0x00007ffad9529000 	C:\Windows\SYSTEM32\WSOCK32.dll
0x00007ffae1600000 - 0x00007ffae166f000 	C:\Windows\System32\ws2_32.DLL
0x00007ffae0120000 - 0x00007ffae0133000 	C:\Windows\SYSTEM32\UMPDC.dll
0x00007ffadf2f0000 - 0x00007ffadf308000 	C:\Windows\SYSTEM32\kernel.appcore.dll
0x00007ffacbe70000 - 0x00007ffacbe7a000 	c:\Users\ABDUA\.vscode\extensions\redhat.java-1.26.0-win32-x64\jre\17.0.9-win32-x86_64\bin\jimage.dll
0x00007ffaddda0000 - 0x00007ffaddfc1000 	C:\Windows\SYSTEM32\DBGHELP.DLL
0x00007ffac3040000 - 0x00007ffac3071000 	C:\Windows\SYSTEM32\dbgcore.DLL
0x00007ffae0430000 - 0x00007ffae04af000 	C:\Windows\System32\bcryptPrimitives.dll
0x00007ffacbe50000 - 0x00007ffacbe5e000 	c:\Users\ABDUA\.vscode\extensions\redhat.java-1.26.0-win32-x64\jre\17.0.9-win32-x86_64\bin\instrument.dll
0x00007ffabccc0000 - 0x00007ffabcce5000 	c:\Users\ABDUA\.vscode\extensions\redhat.java-1.26.0-win32-x64\jre\17.0.9-win32-x86_64\bin\java.dll
0x00007ffabf370000 - 0x00007ffabf388000 	c:\Users\ABDUA\.vscode\extensions\redhat.java-1.26.0-win32-x64\jre\17.0.9-win32-x86_64\bin\zip.dll
0x00007ffae21a0000 - 0x00007ffae2957000 	C:\Windows\System32\SHELL32.dll
0x00007ffade360000 - 0x00007ffadebc5000 	C:\Windows\SYSTEM32\windows.storage.dll
0x00007ffae11c0000 - 0x00007ffae1538000 	C:\Windows\System32\combase.dll
0x00007ffade1f0000 - 0x00007ffade356000 	C:\Windows\SYSTEM32\wintypes.dll
0x00007ffae2960000 - 0x00007ffae2a4a000 	C:\Windows\System32\SHCORE.dll
0x00007ffae0e30000 - 0x00007ffae0e8d000 	C:\Windows\System32\shlwapi.dll
0x00007ffae01a0000 - 0x00007ffae01c1000 	C:\Windows\SYSTEM32\profapi.dll
0x00007ffab86c0000 - 0x00007ffab86d9000 	C:\Users\ABDUA\.vscode\extensions\redhat.java-1.26.0-win32-x64\jre\17.0.9-win32-x86_64\bin\net.dll
0x00007ffad8e00000 - 0x00007ffad8f14000 	C:\Windows\SYSTEM32\WINHTTP.dll
0x00007ffadf790000 - 0x00007ffadf7f7000 	C:\Windows\system32\mswsock.dll
0x00007ffab84f0000 - 0x00007ffab8506000 	C:\Users\ABDUA\.vscode\extensions\redhat.java-1.26.0-win32-x64\jre\17.0.9-win32-x86_64\bin\nio.dll
0x00007ffadd2b0000 - 0x00007ffadd2c0000 	c:\Users\ABDUA\.vscode\extensions\redhat.java-1.26.0-win32-x64\jre\17.0.9-win32-x86_64\bin\verify.dll

dbghelp: loaded successfully - version: 4.0.5 - missing functions: none
symbol engine: initialized successfully - sym options: 0x614 - pdb path: .;c:\Users\ABDUA\.vscode\extensions\redhat.java-1.26.0-win32-x64\jre\17.0.9-win32-x86_64\bin;C:\Windows\SYSTEM32;C:\Windows\WinSxS\amd64_microsoft.windows.common-controls_6595b64144ccf1df_6.0.22000.120_none_9d947278b86cc467;c:\Users\ABDUA\.vscode\extensions\redhat.java-1.26.0-win32-x64\jre\17.0.9-win32-x86_64\bin\server

VM Arguments:
jvm_args: --add-modules=ALL-SYSTEM --add-opens=java.base/java.util=ALL-UNNAMED --add-opens=java.base/java.lang=ALL-UNNAMED --add-opens=java.base/sun.nio.fs=ALL-UNNAMED -Declipse.application=org.eclipse.jdt.ls.core.id1 -Dosgi.bundles.defaultStartLevel=4 -Declipse.product=org.eclipse.jdt.ls.core.product -Djava.import.generatesMetadataFilesAtProjectRoot=false -DDetectVMInstallationsJob.disabled=true -Dfile.encoding=utf8 -XX:+UseParallelGC -XX:GCTimeRatio=4 -XX:AdaptiveSizePolicyWeight=90 -Dsun.zip.disableMemoryMapping=true -Xmx1G -Xms100m -Xlog:disable -javaagent:c:\Users\ABDUA\.vscode\extensions\redhat.java-1.26.0-win32-x64\lombok\lombok-1.18.31-3454.jar 
java_command: c:\Users\ABDUA\.vscode\extensions\redhat.java-1.26.0-win32-x64\server\plugins\org.eclipse.equinox.launcher_1.6.700.v20231214-2017.jar -configuration c:\Users\ABDUA\AppData\Roaming\Code\User\globalStorage\redhat.java\1.26.0\config_ss_win -data c:\Users\ABDUA\AppData\Roaming\Code\User\workspaceStorage\f1da9f102ef7a867d8d5e5fbcd91da4c\redhat.java\ss_ws --stdio
java_class_path (initial): c:\Users\ABDUA\.vscode\extensions\redhat.java-1.26.0-win32-x64\server\plugins\org.eclipse.equinox.launcher_1.6.700.v20231214-2017.jar
Launcher Type: SUN_STANDARD

[Global flags]
    uintx AdaptiveSizePolicyWeight                 = 90                                        {product} {command line}
     intx CICompilerCount                          = 3                                         {product} {ergonomic}
    uintx GCTimeRatio                              = 4                                         {product} {command line}
   size_t InitialHeapSize                          = 104857600                                 {product} {command line}
   size_t MaxHeapSize                              = 1073741824                                {product} {command line}
   size_t MaxNewSize                               = 357564416                                 {product} {ergonomic}
   size_t MinHeapDeltaBytes                        = 524288                                    {product} {ergonomic}
   size_t MinHeapSize                              = 104857600                                 {product} {command line}
   size_t NewSize                                  = 34603008                                  {product} {ergonomic}
    uintx NonNMethodCodeHeapSize                   = 5832780                                {pd product} {ergonomic}
    uintx NonProfiledCodeHeapSize                  = 122912730                              {pd product} {ergonomic}
   size_t OldSize                                  = 70254592                                  {product} {ergonomic}
    uintx ProfiledCodeHeapSize                     = 122912730                              {pd product} {ergonomic}
    uintx ReservedCodeCacheSize                    = 251658240                              {pd product} {ergonomic}
     bool SegmentedCodeCache                       = true                                      {product} {ergonomic}
   size_t SoftMaxHeapSize                          = 1073741824                             {manageable} {ergonomic}
     bool UseCompressedClassPointers               = true                           {product lp64_product} {ergonomic}
     bool UseCompressedOops                        = true                           {product lp64_product} {ergonomic}
     bool UseLargePagesIndividualAllocation        = false                                  {pd product} {ergonomic}
     bool UseParallelGC                            = true                                      {product} {command line}

Logging:
Log output configuration:
 #0: stdout all=off uptime,level,tags
 #1: stderr all=off uptime,level,tags

Environment Variables:
JAVA_HOME=C:\Program Files\Java\jdk-20
PATH=C:\App\db_home\bin;C:\Program Files\Common Files\Oracle\Java\javapath;C:\Windows\system32;C:\Windows;C:\Windows\System32\Wbem;C:\Windows\System32\WindowsPowerShell\v1.0\;C:\Windows\System32\OpenSSH\;C:\MinGW\bin;C:\Program Files\Java\jdk-20\bin;C:\Program Files\MySQL\MySQL Server 8.0\bin;C:\Program Files\nodejs\;C:\ProgramData\chocolatey\bin;C:\Program Files\MySQL\MySQL Shell 8.0\bin\;C:\Users\ABDUA\AppData\Local\Microsoft\WindowsApps;C:\Users\ABDULHAMID\AppData\Local\Programs\Microsoft VS Code\bin;C:\Users\ABDUA\Microsoft VS Code\bin;C:\Program Files\JetBrains\IntelliJ IDEA Community Edition 2022.2.3\bin;C:\Program Files\JetBrains\PyCharm Community Edition 2022.3.2\bin;C:\Users\ABDUA\Downloads\mongosh-2.1.1-win32-x64\mongosh-2.1.1-win32-x64\bin;C:\Users\ABDUA\AppData\Roaming\npm;C:\Users\ABDUA\Downloads\flutter_windows_3.16.5-stable\flutter\bin
USERNAME=Abdulhamid
OS=Windows_NT
PROCESSOR_IDENTIFIER=Intel64 Family 6 Model 142 Stepping 12, GenuineIntel
TMP=C:\Users\ABDUA\AppData\Local\Temp
TEMP=C:\Users\ABDUA\AppData\Local\Temp



Periodic native trim disabled


---------------  S Y S T E M  ---------------

OS:
 Windows 11 , 64 bit Build 22000 (10.0.22000.1335)
OS uptime: 5 days 13:55 hours

CPU: total 4 (initial active 4) (2 cores per cpu, 2 threads per core) family 6 model 142 stepping 12 microcode 0xde, cx8, cmov, fxsr, ht, mmx, 3dnowpref, sse, sse2, sse3, ssse3, sse4.1, sse4.2, popcnt, lzcnt, tsc, tscinvbit, avx, avx2, aes, erms, clmul, bmi1, bmi2, adx, fma, vzeroupper, clflush, clflushopt
Processor Information for all 4 processors :
  Max Mhz: 2501, Current Mhz: 2501, Mhz Limit: 2501

Memory: 4k page, system-wide physical 3933M (162M free)
TotalPageFile size 16221M (AvailPageFile size 3M)
current process WorkingSet (physical memory assigned to process): 57M, peak: 57M
current process commit charge ("private bytes"): 181M, peak: 182M

vm_info: OpenJDK 64-Bit Server VM (17.0.9+9) for windows-amd64 JRE (17.0.9+9), built on Oct 26 2023 14:01:42 by "admin" with MS VC++ 16.10 / 16.11 (VS2019)

END.
